[0.388s] Invoking command in '/home/ubuntu/LUNABOTICS-2023/src/navx_package': PYTHONPATH=/home/ubuntu/LUNABOTICS-2023/install/navx_package/lib/python3.8/site-packages:${PYTHONPATH} /usr/bin/python3 setup.py egg_info --egg-base ../../build/navx_package build --build-base /home/ubuntu/LUNABOTICS-2023/build/navx_package/build install --prefix /home/ubuntu/LUNABOTICS-2023/install/navx_package --record /home/ubuntu/LUNABOTICS-2023/build/navx_package/install.log --single-version-externally-managed
[0.517s] running egg_info
[0.517s] creating ../../build/navx_package/navx_package.egg-info
[0.517s] writing ../../build/navx_package/navx_package.egg-info/PKG-INFO
[0.518s] writing dependency_links to ../../build/navx_package/navx_package.egg-info/dependency_links.txt
[0.518s] writing entry points to ../../build/navx_package/navx_package.egg-info/entry_points.txt
[0.518s] writing requirements to ../../build/navx_package/navx_package.egg-info/requires.txt
[0.518s] writing top-level names to ../../build/navx_package/navx_package.egg-info/top_level.txt
[0.519s] writing manifest file '../../build/navx_package/navx_package.egg-info/SOURCES.txt'
[0.540s] reading manifest file '../../build/navx_package/navx_package.egg-info/SOURCES.txt'
[0.540s] writing manifest file '../../build/navx_package/navx_package.egg-info/SOURCES.txt'
[0.540s] running build
[0.540s] running build_py
[0.541s] creating /home/ubuntu/LUNABOTICS-2023/build/navx_package/build
[0.541s] creating /home/ubuntu/LUNABOTICS-2023/build/navx_package/build/lib
[0.541s] creating /home/ubuntu/LUNABOTICS-2023/build/navx_package/build/lib/navx_package
[0.541s] copying navx_package/__init__.py -> /home/ubuntu/LUNABOTICS-2023/build/navx_package/build/lib/navx_package
[0.541s] copying navx_package/navx_node.py -> /home/ubuntu/LUNABOTICS-2023/build/navx_package/build/lib/navx_package
[0.541s] running install
[0.542s] running install_lib
[0.542s] creating /home/ubuntu/LUNABOTICS-2023/install/navx_package/lib/python3.8/site-packages/navx_package
[0.542s] copying /home/ubuntu/LUNABOTICS-2023/build/navx_package/build/lib/navx_package/__init__.py -> /home/ubuntu/LUNABOTICS-2023/install/navx_package/lib/python3.8/site-packages/navx_package
[0.543s] copying /home/ubuntu/LUNABOTICS-2023/build/navx_package/build/lib/navx_package/navx_node.py -> /home/ubuntu/LUNABOTICS-2023/install/navx_package/lib/python3.8/site-packages/navx_package
[0.543s] byte-compiling /home/ubuntu/LUNABOTICS-2023/install/navx_package/lib/python3.8/site-packages/navx_package/__init__.py to __init__.cpython-38.pyc
[0.544s] byte-compiling /home/ubuntu/LUNABOTICS-2023/install/navx_package/lib/python3.8/site-packages/navx_package/navx_node.py to navx_node.cpython-38.pyc
[0.544s] running install_data
[0.544s] creating /home/ubuntu/LUNABOTICS-2023/install/navx_package/share/ament_index
[0.544s] creating /home/ubuntu/LUNABOTICS-2023/install/navx_package/share/ament_index/resource_index
[0.545s] creating /home/ubuntu/LUNABOTICS-2023/install/navx_package/share/ament_index/resource_index/packages
[0.545s] copying resource/navx_package -> /home/ubuntu/LUNABOTICS-2023/install/navx_package/share/ament_index/resource_index/packages
[0.545s] copying package.xml -> /home/ubuntu/LUNABOTICS-2023/install/navx_package/share/navx_package
[0.545s] running install_egg_info
[0.546s] Copying ../../build/navx_package/navx_package.egg-info to /home/ubuntu/LUNABOTICS-2023/install/navx_package/lib/python3.8/site-packages/navx_package-0.0.0-py3.8.egg-info
[0.546s] running install_scripts
[0.557s] Installing navx_node script to /home/ubuntu/LUNABOTICS-2023/install/navx_package/lib/navx_package
[0.557s] writing list of installed files to '/home/ubuntu/LUNABOTICS-2023/build/navx_package/install.log'
[0.571s] Invoked command in '/home/ubuntu/LUNABOTICS-2023/src/navx_package' returned '0': PYTHONPATH=/home/ubuntu/LUNABOTICS-2023/install/navx_package/lib/python3.8/site-packages:${PYTHONPATH} /usr/bin/python3 setup.py egg_info --egg-base ../../build/navx_package build --build-base /home/ubuntu/LUNABOTICS-2023/build/navx_package/build install --prefix /home/ubuntu/LUNABOTICS-2023/install/navx_package --record /home/ubuntu/LUNABOTICS-2023/build/navx_package/install.log --single-version-externally-managed
