[0.388s] Invoking command in '/home/ubuntu/LUNABOTICS-2023/src/navx_package': PYTHONPATH=/home/ubuntu/LUNABOTICS-2023/src/navx_package/install/navx_package/lib/python3.8/site-packages:${PYTHONPATH} /usr/bin/python3 setup.py egg_info --egg-base build/navx_package build --build-base /home/ubuntu/LUNABOTICS-2023/src/navx_package/build/navx_package/build install --prefix /home/ubuntu/LUNABOTICS-2023/src/navx_package/install/navx_package --record /home/ubuntu/LUNABOTICS-2023/src/navx_package/build/navx_package/install.log --single-version-externally-managed
[0.519s] running egg_info
[0.519s] writing build/navx_package/navx_package.egg-info/PKG-INFO
[0.520s] writing dependency_links to build/navx_package/navx_package.egg-info/dependency_links.txt
[0.520s] writing entry points to build/navx_package/navx_package.egg-info/entry_points.txt
[0.520s] writing requirements to build/navx_package/navx_package.egg-info/requires.txt
[0.520s] writing top-level names to build/navx_package/navx_package.egg-info/top_level.txt
[0.542s] reading manifest file 'build/navx_package/navx_package.egg-info/SOURCES.txt'
[0.542s] writing manifest file 'build/navx_package/navx_package.egg-info/SOURCES.txt'
[0.542s] running build
[0.542s] running build_py
[0.543s] running install
[0.543s] running install_lib
[0.544s] running install_data
[0.544s] running install_egg_info
[0.546s] removing '/home/ubuntu/LUNABOTICS-2023/src/navx_package/install/navx_package/lib/python3.8/site-packages/navx_package-0.0.0-py3.8.egg-info' (and everything under it)
[0.546s] Copying build/navx_package/navx_package.egg-info to /home/ubuntu/LUNABOTICS-2023/src/navx_package/install/navx_package/lib/python3.8/site-packages/navx_package-0.0.0-py3.8.egg-info
[0.546s] running install_scripts
[0.557s] Installing navx_node script to /home/ubuntu/LUNABOTICS-2023/src/navx_package/install/navx_package/lib/navx_package
[0.557s] writing list of installed files to '/home/ubuntu/LUNABOTICS-2023/src/navx_package/build/navx_package/install.log'
[0.572s] Invoked command in '/home/ubuntu/LUNABOTICS-2023/src/navx_package' returned '0': PYTHONPATH=/home/ubuntu/LUNABOTICS-2023/src/navx_package/install/navx_package/lib/python3.8/site-packages:${PYTHONPATH} /usr/bin/python3 setup.py egg_info --egg-base build/navx_package build --build-base /home/ubuntu/LUNABOTICS-2023/src/navx_package/build/navx_package/build install --prefix /home/ubuntu/LUNABOTICS-2023/src/navx_package/install/navx_package --record /home/ubuntu/LUNABOTICS-2023/src/navx_package/build/navx_package/install.log --single-version-externally-managed
