[0.089s] DEBUG:colcon:Command line arguments: ['/usr/bin/colcon', 'build']
[0.089s] DEBUG:colcon:Parsed command line arguments: Namespace(allow_overriding=[], ament_cmake_args=None, base_paths=['.'], build_base='build', catkin_cmake_args=None, catkin_skip_building_tests=False, cmake_args=None, cmake_clean_cache=False, cmake_clean_first=False, cmake_force_configure=False, cmake_target=None, cmake_target_skip_unavailable=False, continue_on_error=False, event_handlers=None, executor='parallel', ignore_user_meta=False, install_base='install', log_base=None, log_level=None, main=<bound method BuildVerb.main of <colcon_core.verb.build.BuildVerb object at 0xffff91a205b0>>, merge_install=False, metas=['./colcon.meta'], packages_above=None, packages_above_and_dependencies=None, packages_above_depth=None, packages_end=None, packages_ignore=None, packages_ignore_regex=None, packages_select=None, packages_select_build_failed=False, packages_select_by_dep=None, packages_select_regex=None, packages_select_test_failures=False, packages_skip=None, packages_skip_build_finished=False, packages_skip_by_dep=None, packages_skip_regex=None, packages_skip_test_passed=False, packages_skip_up_to=None, packages_start=None, packages_up_to=None, packages_up_to_regex=None, parallel_workers=1, paths=None, symlink_install=False, test_result_base=None, verb_extension=<colcon_core.verb.build.BuildVerb object at 0xffff91a205b0>, verb_name='build', verb_parser=<colcon_defaults.argument_parser.defaults.DefaultArgumentsDecorator object at 0xffff91a20af0>)
[0.105s] Level 1:colcon.colcon_core.package_discovery:discover_packages(colcon_meta) check parameters
[0.105s] Level 1:colcon.colcon_core.package_discovery:discover_packages(recursive) check parameters
[0.105s] Level 1:colcon.colcon_core.package_discovery:discover_packages(ignore) check parameters
[0.105s] Level 1:colcon.colcon_core.package_discovery:discover_packages(path) check parameters
[0.105s] Level 1:colcon.colcon_core.package_discovery:discover_packages(colcon_meta) discover
[0.105s] Level 1:colcon.colcon_core.package_discovery:discover_packages(recursive) discover
[0.105s] INFO:colcon.colcon_core.package_discovery:Crawling recursively for packages in '/home/ubuntu/LUNABOTICS-2023/src/navx'
[0.105s] Level 1:colcon.colcon_core.package_identification:_identify(.) by extensions ['ignore', 'ignore_ament_install']
[0.105s] Level 1:colcon.colcon_core.package_identification:_identify(.) by extension 'ignore'
[0.105s] Level 1:colcon.colcon_core.package_identification:_identify(.) by extension 'ignore_ament_install'
[0.105s] Level 1:colcon.colcon_core.package_identification:_identify(.) by extensions ['colcon_pkg']
[0.105s] Level 1:colcon.colcon_core.package_identification:_identify(.) by extension 'colcon_pkg'
[0.105s] Level 1:colcon.colcon_core.package_identification:_identify(.) by extensions ['colcon_meta']
[0.105s] Level 1:colcon.colcon_core.package_identification:_identify(.) by extension 'colcon_meta'
[0.105s] Level 1:colcon.colcon_core.package_identification:_identify(.) by extensions ['ros']
[0.105s] Level 1:colcon.colcon_core.package_identification:_identify(.) by extension 'ros'
[0.112s] Level 1:colcon.colcon_core.package_identification:_identify(.) by extensions ['cmake', 'python']
[0.113s] Level 1:colcon.colcon_core.package_identification:_identify(.) by extension 'cmake'
[0.113s] Level 1:colcon.colcon_core.package_identification:_identify(.) by extension 'python'
[0.113s] Level 1:colcon.colcon_core.package_identification:_identify(.) by extensions ['python_setup_py']
[0.113s] Level 1:colcon.colcon_core.package_identification:_identify(.) by extension 'python_setup_py'
[0.113s] Level 1:colcon.colcon_core.package_identification:_identify(build) by extensions ['ignore', 'ignore_ament_install']
[0.113s] Level 1:colcon.colcon_core.package_identification:_identify(build) by extension 'ignore'
[0.113s] Level 1:colcon.colcon_core.package_identification:_identify(build) ignored
[0.113s] Level 1:colcon.colcon_core.package_identification:_identify(install) by extensions ['ignore', 'ignore_ament_install']
[0.113s] Level 1:colcon.colcon_core.package_identification:_identify(install) by extension 'ignore'
[0.113s] Level 1:colcon.colcon_core.package_identification:_identify(install) ignored
[0.113s] Level 1:colcon.colcon_core.package_identification:_identify(log) by extensions ['ignore', 'ignore_ament_install']
[0.113s] Level 1:colcon.colcon_core.package_identification:_identify(log) by extension 'ignore'
[0.113s] Level 1:colcon.colcon_core.package_identification:_identify(log) ignored
[0.113s] Level 1:colcon.colcon_core.package_identification:_identify(src) by extensions ['ignore', 'ignore_ament_install']
[0.113s] Level 1:colcon.colcon_core.package_identification:_identify(src) by extension 'ignore'
[0.113s] Level 1:colcon.colcon_core.package_identification:_identify(src) by extension 'ignore_ament_install'
[0.113s] Level 1:colcon.colcon_core.package_identification:_identify(src) by extensions ['colcon_pkg']
[0.113s] Level 1:colcon.colcon_core.package_identification:_identify(src) by extension 'colcon_pkg'
[0.113s] Level 1:colcon.colcon_core.package_identification:_identify(src) by extensions ['colcon_meta']
[0.113s] Level 1:colcon.colcon_core.package_identification:_identify(src) by extension 'colcon_meta'
[0.113s] Level 1:colcon.colcon_core.package_identification:_identify(src) by extensions ['ros']
[0.113s] Level 1:colcon.colcon_core.package_identification:_identify(src) by extension 'ros'
[0.113s] Level 1:colcon.colcon_core.package_identification:_identify(src) by extensions ['cmake', 'python']
[0.113s] Level 1:colcon.colcon_core.package_identification:_identify(src) by extension 'cmake'
[0.113s] Level 1:colcon.colcon_core.package_identification:_identify(src) by extension 'python'
[0.113s] Level 1:colcon.colcon_core.package_identification:_identify(src) by extensions ['python_setup_py']
[0.113s] Level 1:colcon.colcon_core.package_identification:_identify(src) by extension 'python_setup_py'
[0.113s] Level 1:colcon.colcon_core.package_discovery:discover_packages(recursive) using defaults
[0.113s] Level 1:colcon.colcon_core.package_discovery:discover_packages(ignore) discover
[0.113s] Level 1:colcon.colcon_core.package_discovery:discover_packages(ignore) using defaults
[0.113s] Level 1:colcon.colcon_core.package_discovery:discover_packages(path) discover
[0.113s] Level 1:colcon.colcon_core.package_discovery:discover_packages(path) using defaults
[0.131s] Level 1:colcon.colcon_core.package_discovery:discover_packages(prefix_path) check parameters
[0.131s] Level 1:colcon.colcon_core.package_discovery:discover_packages(prefix_path) discover
[0.132s] DEBUG:colcon.colcon_installed_package_information.package_discovery:Found 0 installed packages in /home/ubuntu/LUNABOTICS-2023/install
[0.134s] DEBUG:colcon.colcon_installed_package_information.package_discovery:Found 278 installed packages in /opt/ros/galactic
[0.134s] Level 1:colcon.colcon_core.package_discovery:discover_packages(prefix_path) using defaults
[0.181s] INFO:colcon.colcon_core.executor:Executing jobs using 'parallel' executor
[0.183s] DEBUG:colcon.colcon_parallel_executor.executor.parallel:run_until_complete
[0.183s] DEBUG:colcon.colcon_parallel_executor.executor.parallel:closing loop
[0.183s] DEBUG:colcon.colcon_parallel_executor.executor.parallel:loop closed
[0.183s] DEBUG:colcon.colcon_parallel_executor.executor.parallel:run_until_complete finished with '0'
[0.183s] DEBUG:colcon.colcon_core.event_reactor:joining thread
[0.187s] INFO:colcon.colcon_core.plugin_system:Skipping extension 'colcon_notification.desktop_notification.notify_send': Could not find 'notify-send'
[0.187s] INFO:colcon.colcon_core.plugin_system:Skipping extension 'colcon_notification.desktop_notification.terminal_notifier': Not used on non-Darwin systems
[0.187s] INFO:colcon.colcon_core.plugin_system:Skipping extension 'colcon_notification.desktop_notification.win32': Not used on non-Windows systems
[0.187s] INFO:colcon.colcon_notification.desktop_notification:Sending desktop notification using 'notify2'
[0.188s] DEBUG:colcon.colcon_notification.desktop_notification.notify2:Failed to initialize notify2: org.freedesktop.DBus.Error.ServiceUnknown: The name org.freedesktop.Notifications was not provided by any .service files
[0.188s] DEBUG:colcon.colcon_core.event_reactor:joined thread
[0.190s] INFO:colcon.colcon_core.plugin_system:Skipping extension 'colcon_core.shell.bat': Not used on non-Windows systems
[0.190s] INFO:colcon.colcon_core.shell:Creating prefix script '/home/ubuntu/LUNABOTICS-2023/src/navx/install/local_setup.ps1'
[0.191s] INFO:colcon.colcon_core.shell:Creating prefix util module '/home/ubuntu/LUNABOTICS-2023/src/navx/install/_local_setup_util_ps1.py'
[0.192s] INFO:colcon.colcon_core.shell:Creating prefix chain script '/home/ubuntu/LUNABOTICS-2023/src/navx/install/setup.ps1'
[0.193s] INFO:colcon.colcon_core.shell:Creating prefix script '/home/ubuntu/LUNABOTICS-2023/src/navx/install/local_setup.sh'
[0.193s] INFO:colcon.colcon_core.shell:Creating prefix util module '/home/ubuntu/LUNABOTICS-2023/src/navx/install/_local_setup_util_sh.py'
[0.193s] INFO:colcon.colcon_core.shell:Creating prefix chain script '/home/ubuntu/LUNABOTICS-2023/src/navx/install/setup.sh'
[0.194s] INFO:colcon.colcon_core.shell:Creating prefix script '/home/ubuntu/LUNABOTICS-2023/src/navx/install/local_setup.bash'
[0.194s] INFO:colcon.colcon_core.shell:Creating prefix chain script '/home/ubuntu/LUNABOTICS-2023/src/navx/install/setup.bash'
[0.195s] INFO:colcon.colcon_core.shell:Creating prefix script '/home/ubuntu/LUNABOTICS-2023/src/navx/install/local_setup.zsh'
[0.195s] INFO:colcon.colcon_core.shell:Creating prefix chain script '/home/ubuntu/LUNABOTICS-2023/src/navx/install/setup.zsh'
