[0.089s] DEBUG:colcon:Command line arguments: ['/usr/bin/colcon', 'build', '--packages-select', 'navx_package']
[0.089s] DEBUG:colcon:Parsed command line arguments: Namespace(allow_overriding=[], ament_cmake_args=None, base_paths=['.'], build_base='build', catkin_cmake_args=None, catkin_skip_building_tests=False, cmake_args=None, cmake_clean_cache=False, cmake_clean_first=False, cmake_force_configure=False, cmake_target=None, cmake_target_skip_unavailable=False, continue_on_error=False, event_handlers=None, executor='parallel', ignore_user_meta=False, install_base='install', log_base=None, log_level=None, main=<bound method BuildVerb.main of <colcon_core.verb.build.BuildVerb object at 0xffffa40df490>>, merge_install=False, metas=['./colcon.meta'], packages_above=None, packages_above_and_dependencies=None, packages_above_depth=None, packages_end=None, packages_ignore=None, packages_ignore_regex=None, packages_select=['navx_package'], packages_select_build_failed=False, packages_select_by_dep=None, packages_select_regex=None, packages_select_test_failures=False, packages_skip=None, packages_skip_build_finished=False, packages_skip_by_dep=None, packages_skip_regex=None, packages_skip_test_passed=False, packages_skip_up_to=None, packages_start=None, packages_up_to=None, packages_up_to_regex=None, parallel_workers=1, paths=None, symlink_install=False, test_result_base=None, verb_extension=<colcon_core.verb.build.BuildVerb object at 0xffffa40df490>, verb_name='build', verb_parser=<colcon_defaults.argument_parser.defaults.DefaultArgumentsDecorator object at 0xffffa40df9d0>)
[0.104s] Level 1:colcon.colcon_core.package_discovery:discover_packages(colcon_meta) check parameters
[0.104s] Level 1:colcon.colcon_core.package_discovery:discover_packages(recursive) check parameters
[0.104s] Level 1:colcon.colcon_core.package_discovery:discover_packages(ignore) check parameters
[0.104s] Level 1:colcon.colcon_core.package_discovery:discover_packages(path) check parameters
[0.104s] Level 1:colcon.colcon_core.package_discovery:discover_packages(colcon_meta) discover
[0.104s] Level 1:colcon.colcon_core.package_discovery:discover_packages(recursive) discover
[0.104s] INFO:colcon.colcon_core.package_discovery:Crawling recursively for packages in '/home/ubuntu/LUNABOTICS-2023/src/navx_package'
[0.104s] Level 1:colcon.colcon_core.package_identification:_identify(.) by extensions ['ignore', 'ignore_ament_install']
[0.104s] Level 1:colcon.colcon_core.package_identification:_identify(.) by extension 'ignore'
[0.104s] Level 1:colcon.colcon_core.package_identification:_identify(.) by extension 'ignore_ament_install'
[0.104s] Level 1:colcon.colcon_core.package_identification:_identify(.) by extensions ['colcon_pkg']
[0.104s] Level 1:colcon.colcon_core.package_identification:_identify(.) by extension 'colcon_pkg'
[0.104s] Level 1:colcon.colcon_core.package_identification:_identify(.) by extensions ['colcon_meta']
[0.104s] Level 1:colcon.colcon_core.package_identification:_identify(.) by extension 'colcon_meta'
[0.104s] Level 1:colcon.colcon_core.package_identification:_identify(.) by extensions ['ros']
[0.104s] Level 1:colcon.colcon_core.package_identification:_identify(.) by extension 'ros'
[0.118s] DEBUG:colcon.colcon_core.package_identification:Package '.' with type 'ros.ament_python' and name 'navx_package'
[0.118s] Level 1:colcon.colcon_core.package_discovery:discover_packages(recursive) using defaults
[0.118s] Level 1:colcon.colcon_core.package_discovery:discover_packages(ignore) discover
[0.118s] Level 1:colcon.colcon_core.package_discovery:discover_packages(ignore) using defaults
[0.118s] Level 1:colcon.colcon_core.package_discovery:discover_packages(path) discover
[0.118s] Level 1:colcon.colcon_core.package_discovery:discover_packages(path) using defaults
[0.131s] Level 1:colcon.colcon_core.package_discovery:discover_packages(prefix_path) check parameters
[0.131s] Level 1:colcon.colcon_core.package_discovery:discover_packages(prefix_path) discover
[0.131s] WARNING:colcon.colcon_core.prefix_path.colcon:The path '/home/ubuntu/LUNABOTICS-2023/src/navx/install' in the environment variable COLCON_PREFIX_PATH doesn't exist
[0.132s] DEBUG:colcon.colcon_installed_package_information.package_discovery:Found 1 installed packages in /home/ubuntu/LUNABOTICS-2023/install
[0.134s] DEBUG:colcon.colcon_installed_package_information.package_discovery:Found 278 installed packages in /opt/ros/galactic
[0.135s] Level 1:colcon.colcon_core.package_discovery:discover_packages(prefix_path) using defaults
[0.181s] Level 5:colcon.colcon_core.verb:set package 'navx_package' build argument 'cmake_args' from command line to 'None'
[0.181s] Level 5:colcon.colcon_core.verb:set package 'navx_package' build argument 'cmake_target' from command line to 'None'
[0.181s] Level 5:colcon.colcon_core.verb:set package 'navx_package' build argument 'cmake_target_skip_unavailable' from command line to 'False'
[0.181s] Level 5:colcon.colcon_core.verb:set package 'navx_package' build argument 'cmake_clean_cache' from command line to 'False'
[0.181s] Level 5:colcon.colcon_core.verb:set package 'navx_package' build argument 'cmake_clean_first' from command line to 'False'
[0.181s] Level 5:colcon.colcon_core.verb:set package 'navx_package' build argument 'cmake_force_configure' from command line to 'False'
[0.181s] Level 5:colcon.colcon_core.verb:set package 'navx_package' build argument 'ament_cmake_args' from command line to 'None'
[0.181s] Level 5:colcon.colcon_core.verb:set package 'navx_package' build argument 'catkin_cmake_args' from command line to 'None'
[0.181s] Level 5:colcon.colcon_core.verb:set package 'navx_package' build argument 'catkin_skip_building_tests' from command line to 'False'
[0.181s] DEBUG:colcon.colcon_core.verb:Building package 'navx_package' with the following arguments: {'ament_cmake_args': None, 'build_base': '/home/ubuntu/LUNABOTICS-2023/src/navx_package/build/navx_package', 'catkin_cmake_args': None, 'catkin_skip_building_tests': False, 'cmake_args': None, 'cmake_clean_cache': False, 'cmake_clean_first': False, 'cmake_force_configure': False, 'cmake_target': None, 'cmake_target_skip_unavailable': False, 'install_base': '/home/ubuntu/LUNABOTICS-2023/src/navx_package/install/navx_package', 'merge_install': False, 'path': '/home/ubuntu/LUNABOTICS-2023/src/navx_package', 'symlink_install': False, 'test_result_base': None}
[0.181s] INFO:colcon.colcon_core.executor:Executing jobs using 'parallel' executor
[0.183s] DEBUG:colcon.colcon_parallel_executor.executor.parallel:run_until_complete
[0.183s] INFO:colcon.colcon_ros.task.ament_python.build:Building ROS package in '/home/ubuntu/LUNABOTICS-2023/src/navx_package' with build type 'ament_python'
[0.183s] Level 1:colcon.colcon_core.shell:create_environment_hook('navx_package', 'ament_prefix_path')
[0.186s] INFO:colcon.colcon_core.plugin_system:Skipping extension 'colcon_core.shell.bat': Not used on non-Windows systems
[0.186s] INFO:colcon.colcon_core.shell:Creating environment hook '/home/ubuntu/LUNABOTICS-2023/src/navx_package/install/navx_package/share/navx_package/hook/ament_prefix_path.ps1'
[0.186s] INFO:colcon.colcon_core.shell:Creating environment descriptor '/home/ubuntu/LUNABOTICS-2023/src/navx_package/install/navx_package/share/navx_package/hook/ament_prefix_path.dsv'
[0.187s] INFO:colcon.colcon_core.shell:Creating environment hook '/home/ubuntu/LUNABOTICS-2023/src/navx_package/install/navx_package/share/navx_package/hook/ament_prefix_path.sh'
[0.188s] INFO:colcon.colcon_core.shell:Skip shell extension 'powershell' for command environment: Not usable outside of PowerShell
[0.188s] DEBUG:colcon.colcon_core.shell:Skip shell extension 'dsv' for command environment
[0.336s] INFO:colcon.colcon_core.task.python.build:Building Python package in '/home/ubuntu/LUNABOTICS-2023/src/navx_package'
[0.337s] INFO:colcon.colcon_core.shell:Skip shell extension 'powershell' for command environment: Not usable outside of PowerShell
[0.337s] DEBUG:colcon.colcon_core.shell:Skip shell extension 'dsv' for command environment
[0.578s] DEBUG:colcon.colcon_core.event_handler.log_command:Invoking command in '/home/ubuntu/LUNABOTICS-2023/src/navx_package': PYTHONPATH=/home/ubuntu/LUNABOTICS-2023/src/navx_package/install/navx_package/lib/python3.8/site-packages:${PYTHONPATH} /usr/bin/python3 setup.py egg_info --egg-base build/navx_package build --build-base /home/ubuntu/LUNABOTICS-2023/src/navx_package/build/navx_package/build install --prefix /home/ubuntu/LUNABOTICS-2023/src/navx_package/install/navx_package --record /home/ubuntu/LUNABOTICS-2023/src/navx_package/build/navx_package/install.log --single-version-externally-managed
[0.761s] DEBUG:colcon.colcon_core.event_handler.log_command:Invoked command in '/home/ubuntu/LUNABOTICS-2023/src/navx_package' returned '0': PYTHONPATH=/home/ubuntu/LUNABOTICS-2023/src/navx_package/install/navx_package/lib/python3.8/site-packages:${PYTHONPATH} /usr/bin/python3 setup.py egg_info --egg-base build/navx_package build --build-base /home/ubuntu/LUNABOTICS-2023/src/navx_package/build/navx_package/build install --prefix /home/ubuntu/LUNABOTICS-2023/src/navx_package/install/navx_package --record /home/ubuntu/LUNABOTICS-2023/src/navx_package/build/navx_package/install.log --single-version-externally-managed
[0.762s] Level 1:colcon.colcon_core.environment:checking '/home/ubuntu/LUNABOTICS-2023/src/navx_package/install/navx_package' for CMake module files
[0.762s] Level 1:colcon.colcon_core.environment:checking '/home/ubuntu/LUNABOTICS-2023/src/navx_package/install/navx_package' for CMake config files
[0.763s] Level 1:colcon.colcon_core.environment:checking '/home/ubuntu/LUNABOTICS-2023/src/navx_package/install/navx_package/lib'
[0.763s] Level 1:colcon.colcon_core.environment:checking '/home/ubuntu/LUNABOTICS-2023/src/navx_package/install/navx_package/bin'
[0.763s] Level 1:colcon.colcon_core.environment:checking '/home/ubuntu/LUNABOTICS-2023/src/navx_package/install/navx_package/lib/pkgconfig/navx_package.pc'
[0.763s] Level 1:colcon.colcon_core.environment:checking '/home/ubuntu/LUNABOTICS-2023/src/navx_package/install/navx_package/lib/python3.8/site-packages'
[0.763s] Level 1:colcon.colcon_core.shell:create_environment_hook('navx_package', 'pythonpath')
[0.764s] INFO:colcon.colcon_core.shell:Creating environment hook '/home/ubuntu/LUNABOTICS-2023/src/navx_package/install/navx_package/share/navx_package/hook/pythonpath.ps1'
[0.764s] INFO:colcon.colcon_core.shell:Creating environment descriptor '/home/ubuntu/LUNABOTICS-2023/src/navx_package/install/navx_package/share/navx_package/hook/pythonpath.dsv'
[0.764s] INFO:colcon.colcon_core.shell:Creating environment hook '/home/ubuntu/LUNABOTICS-2023/src/navx_package/install/navx_package/share/navx_package/hook/pythonpath.sh'
[0.764s] Level 1:colcon.colcon_core.environment:checking '/home/ubuntu/LUNABOTICS-2023/src/navx_package/install/navx_package/bin'
[0.764s] Level 1:colcon.colcon_core.environment:create_environment_scripts_only(navx_package)
[0.765s] INFO:colcon.colcon_core.shell:Creating package script '/home/ubuntu/LUNABOTICS-2023/src/navx_package/install/navx_package/share/navx_package/package.ps1'
[0.766s] INFO:colcon.colcon_core.shell:Creating package descriptor '/home/ubuntu/LUNABOTICS-2023/src/navx_package/install/navx_package/share/navx_package/package.dsv'
[0.766s] INFO:colcon.colcon_core.shell:Creating package script '/home/ubuntu/LUNABOTICS-2023/src/navx_package/install/navx_package/share/navx_package/package.sh'
[0.766s] INFO:colcon.colcon_core.shell:Creating package script '/home/ubuntu/LUNABOTICS-2023/src/navx_package/install/navx_package/share/navx_package/package.bash'
[0.767s] INFO:colcon.colcon_core.shell:Creating package script '/home/ubuntu/LUNABOTICS-2023/src/navx_package/install/navx_package/share/navx_package/package.zsh'
[0.767s] Level 1:colcon.colcon_core.environment:create_file_with_runtime_dependencies(/home/ubuntu/LUNABOTICS-2023/src/navx_package/install/navx_package/share/colcon-core/packages/navx_package)
[0.768s] DEBUG:colcon.colcon_parallel_executor.executor.parallel:closing loop
[0.768s] DEBUG:colcon.colcon_parallel_executor.executor.parallel:loop closed
[0.768s] DEBUG:colcon.colcon_parallel_executor.executor.parallel:run_until_complete finished with '0'
[0.768s] DEBUG:colcon.colcon_core.event_reactor:joining thread
[0.771s] INFO:colcon.colcon_core.plugin_system:Skipping extension 'colcon_notification.desktop_notification.notify_send': Could not find 'notify-send'
[0.772s] INFO:colcon.colcon_core.plugin_system:Skipping extension 'colcon_notification.desktop_notification.terminal_notifier': Not used on non-Darwin systems
[0.772s] INFO:colcon.colcon_core.plugin_system:Skipping extension 'colcon_notification.desktop_notification.win32': Not used on non-Windows systems
[0.772s] INFO:colcon.colcon_notification.desktop_notification:Sending desktop notification using 'notify2'
[0.772s] DEBUG:colcon.colcon_notification.desktop_notification.notify2:Failed to initialize notify2: org.freedesktop.DBus.Error.ServiceUnknown: The name org.freedesktop.Notifications was not provided by any .service files
[0.772s] DEBUG:colcon.colcon_core.event_reactor:joined thread
[0.773s] INFO:colcon.colcon_core.shell:Creating prefix script '/home/ubuntu/LUNABOTICS-2023/src/navx_package/install/local_setup.ps1'
[0.774s] INFO:colcon.colcon_core.shell:Creating prefix util module '/home/ubuntu/LUNABOTICS-2023/src/navx_package/install/_local_setup_util_ps1.py'
[0.774s] INFO:colcon.colcon_core.shell:Creating prefix chain script '/home/ubuntu/LUNABOTICS-2023/src/navx_package/install/setup.ps1'
[0.775s] INFO:colcon.colcon_core.shell:Creating prefix script '/home/ubuntu/LUNABOTICS-2023/src/navx_package/install/local_setup.sh'
[0.776s] INFO:colcon.colcon_core.shell:Creating prefix util module '/home/ubuntu/LUNABOTICS-2023/src/navx_package/install/_local_setup_util_sh.py'
[0.776s] INFO:colcon.colcon_core.shell:Creating prefix chain script '/home/ubuntu/LUNABOTICS-2023/src/navx_package/install/setup.sh'
[0.777s] INFO:colcon.colcon_core.shell:Creating prefix script '/home/ubuntu/LUNABOTICS-2023/src/navx_package/install/local_setup.bash'
[0.777s] INFO:colcon.colcon_core.shell:Creating prefix chain script '/home/ubuntu/LUNABOTICS-2023/src/navx_package/install/setup.bash'
[0.778s] INFO:colcon.colcon_core.shell:Creating prefix script '/home/ubuntu/LUNABOTICS-2023/src/navx_package/install/local_setup.zsh'
[0.778s] INFO:colcon.colcon_core.shell:Creating prefix chain script '/home/ubuntu/LUNABOTICS-2023/src/navx_package/install/setup.zsh'
