[0.398s] Invoking command in '/home/ubuntu/LUNABOTICS-2023/src/navx_package': PYTHONPATH=/home/ubuntu/LUNABOTICS-2023/src/navx_package/install/navx_package/lib/python3.8/site-packages:${PYTHONPATH} /usr/bin/python3 setup.py egg_info --egg-base build/navx_package build --build-base /home/ubuntu/LUNABOTICS-2023/src/navx_package/build/navx_package/build install --prefix /home/ubuntu/LUNABOTICS-2023/src/navx_package/install/navx_package --record /home/ubuntu/LUNABOTICS-2023/src/navx_package/build/navx_package/install.log --single-version-externally-managed
[0.538s] running egg_info
[0.539s] creating build/navx_package/navx_package.egg-info
[0.539s] writing build/navx_package/navx_package.egg-info/PKG-INFO
[0.539s] writing dependency_links to build/navx_package/navx_package.egg-info/dependency_links.txt
[0.539s] writing entry points to build/navx_package/navx_package.egg-info/entry_points.txt
[0.540s] writing requirements to build/navx_package/navx_package.egg-info/requires.txt
[0.540s] writing top-level names to build/navx_package/navx_package.egg-info/top_level.txt
[0.541s] writing manifest file 'build/navx_package/navx_package.egg-info/SOURCES.txt'
[0.564s] reading manifest file 'build/navx_package/navx_package.egg-info/SOURCES.txt'
[0.564s] writing manifest file 'build/navx_package/navx_package.egg-info/SOURCES.txt'
[0.564s] running build
[0.565s] running build_py
[0.565s] creating /home/ubuntu/LUNABOTICS-2023/src/navx_package/build/navx_package/build
[0.565s] creating /home/ubuntu/LUNABOTICS-2023/src/navx_package/build/navx_package/build/lib
[0.565s] creating /home/ubuntu/LUNABOTICS-2023/src/navx_package/build/navx_package/build/lib/navx_package
[0.565s] copying navx_package/__init__.py -> /home/ubuntu/LUNABOTICS-2023/src/navx_package/build/navx_package/build/lib/navx_package
[0.565s] copying navx_package/navx_node.py -> /home/ubuntu/LUNABOTICS-2023/src/navx_package/build/navx_package/build/lib/navx_package
[0.565s] running install
[0.566s] running install_lib
[0.567s] creating /home/ubuntu/LUNABOTICS-2023/src/navx_package/install/navx_package/lib/python3.8/site-packages/navx_package
[0.567s] copying /home/ubuntu/LUNABOTICS-2023/src/navx_package/build/navx_package/build/lib/navx_package/__init__.py -> /home/ubuntu/LUNABOTICS-2023/src/navx_package/install/navx_package/lib/python3.8/site-packages/navx_package
[0.567s] copying /home/ubuntu/LUNABOTICS-2023/src/navx_package/build/navx_package/build/lib/navx_package/navx_node.py -> /home/ubuntu/LUNABOTICS-2023/src/navx_package/install/navx_package/lib/python3.8/site-packages/navx_package
[0.567s] byte-compiling /home/ubuntu/LUNABOTICS-2023/src/navx_package/install/navx_package/lib/python3.8/site-packages/navx_package/__init__.py to __init__.cpython-38.pyc
[0.568s] byte-compiling /home/ubuntu/LUNABOTICS-2023/src/navx_package/install/navx_package/lib/python3.8/site-packages/navx_package/navx_node.py to navx_node.cpython-38.pyc
[0.568s] running install_data
[0.569s] creating /home/ubuntu/LUNABOTICS-2023/src/navx_package/install/navx_package/share/ament_index
[0.569s] creating /home/ubuntu/LUNABOTICS-2023/src/navx_package/install/navx_package/share/ament_index/resource_index
[0.569s] creating /home/ubuntu/LUNABOTICS-2023/src/navx_package/install/navx_package/share/ament_index/resource_index/packages
[0.569s] copying resource/navx_package -> /home/ubuntu/LUNABOTICS-2023/src/navx_package/install/navx_package/share/ament_index/resource_index/packages
[0.569s] copying package.xml -> /home/ubuntu/LUNABOTICS-2023/src/navx_package/install/navx_package/share/navx_package
[0.569s] running install_egg_info
[0.570s] Copying build/navx_package/navx_package.egg-info to /home/ubuntu/LUNABOTICS-2023/src/navx_package/install/navx_package/lib/python3.8/site-packages/navx_package-0.0.0-py3.8.egg-info
[0.571s] running install_scripts
[0.583s] Installing navx_node script to /home/ubuntu/LUNABOTICS-2023/src/navx_package/install/navx_package/lib/navx_package
[0.583s] writing list of installed files to '/home/ubuntu/LUNABOTICS-2023/src/navx_package/build/navx_package/install.log'
[0.603s] Invoked command in '/home/ubuntu/LUNABOTICS-2023/src/navx_package' returned '0': PYTHONPATH=/home/ubuntu/LUNABOTICS-2023/src/navx_package/install/navx_package/lib/python3.8/site-packages:${PYTHONPATH} /usr/bin/python3 setup.py egg_info --egg-base build/navx_package build --build-base /home/ubuntu/LUNABOTICS-2023/src/navx_package/build/navx_package/build install --prefix /home/ubuntu/LUNABOTICS-2023/src/navx_package/install/navx_package --record /home/ubuntu/LUNABOTICS-2023/src/navx_package/build/navx_package/install.log --single-version-externally-managed
